1699284294075:show
1699284306148:showAllStudents
1699284362941:show
1699284382117:add ivan ivanov 20
1699284401260:add iii ddd 21
1699284418384:show
1699284431490:delete 06f410f8-74e3-4d34-8bd3-c466083e0888
1699284435502:show
1699284442540:clear
1699284447577:show
1699284593569:add ddd fff 22
1699284607695:clear
1699284668480:show
1699284674513:add gdgd shhs 21
1699284678538:show
1699284682568:clear
1699284747963:add fff ggg 22
1699284751995:clear
1699284873972:add kdkd sssj 23
1699284877997:clear
1699284882023:show
1699285131601:add fjfj sssj 22
1699285147716:clear
1699285233350:add kdkd lslsl 22
1699285237379:clear
1699285365620:add kdkd kddkd 22
1699285369645:clear
1699285372668:show
1699285435733:add kdkdd dkkd 22
1699285438749:clear
1699285516283:add ksks dkdk 22
1699285520309:clear
1699285700291:add ldld sdkk 22
1699285704317:clear
1699285718423:add sjjs dkdk 23
1699285721437:show
1699285831492:add kdkd kdk 22
1699285840555:add djdj sjsj 23
1699285843585:clear
1699285848608:show
1699288811687:add dgdg ddhdh 22
1699288815717:show
1699288818736:c
1699288831822:add djd djdj 22
1699288837863:add shshh shsh 23
1699288856984:c
1699288865040:show
1699288896886:add ddj kdkd 22
1699288902926:add jdjd shsh 23
1699288905947:c
1699290592246:show
1699291086973:c
1699291090993:show
